<testsuite name="PZS-005 RUN-1789230459877-1892805" tests="23" failures="0"><testcase name="authorized_append_201"><properties><property name="runId" value="RUN-1789230459877-1892805"/><property name="streamId" value="stream-4deda114-d1b3-4491-8d17-5720eb30fd47"/><property name="method" value="POST"/><property name="url" value="http://localhost:8080/sync/13b73af9-1f4e-431b-8931-5e10d953ecbd/envelopes"/><property name="status" value="201"/><property name="code" value=""/><property name="correlationId" value="transport-authorized_append_201"/></properties></testcase><testcase name="duplicate_200"><properties><property name="runId" value="RUN-1789230459877-1892805"/><property name="streamId" value="stream-4deda114-d1b3-4491-8d17-5720eb30fd47"/><property name="method" value="POST"/><property name="url" value="http://localhost:8080/sync/13b73af9-1f4e-431b-8931-5e10d953ecbd/envelopes"/><property name="status" value="200"/><property name="code" value=""/><property name="correlationId" value="transport-duplicate_200"/></properties></testcase><testcase name="duplicate_conflict"><properties><property name="runId" value="RUN-1789230459877-1892805"/><property name="streamId" value="stream-4deda114-d1b3-4491-8d17-5720eb30fd47"/><property name="method" value="POST"/><property name="url" value="http://localhost:8080/sync/13b73af9-1f4e-431b-8931-5e10d953ecbd/envelopes"/><property name="status" value="409"/><property name="code" value="opaque_envelope_rejected"/><property name="correlationId" value="transport-duplicate_conflict"/></properties></testcase><testcase name="authorized_fetch"><properties><property name="runId" value="RUN-1789230459877-1892805"/><property name="streamId" value="stream-4deda114-d1b3-4491-8d17-5720eb30fd47"/><property name="method" value="GET"/><property name="url" value="http://localhost:8080/sync/13b73af9-1f4e-431b-8931-5e10d953ecbd/envelopes?deviceId=device-1ef96295-9517-4489-9d61-11c1dd27f40b&enrollmentVersion=2"/><property name="status" value="200"/><property name="code" value=""/><property name="correlationId" value="transport-authorized_fetch"/></properties></testcase><testcase name="cross_project"><properties><property name="runId" value="RUN-1789230459877-1892805"/><property name="streamId" value="stream-4deda114-d1b3-4491-8d17-5720eb30fd47"/><property name="method" value="GET"/><property name="url" value="http://localhost:8080/sync/9ade46a5-c00e-4f60-97f0-3d0fea5f853c/envelopes?deviceId=device-1ef96295-9517-4489-9d61-11c1dd27f40b&enrollmentVersion=2"/><property name="status" value="409"/><property name="code" value="device_lifecycle_rejected"/><property name="correlationId" value="transport-cross_project"/></properties></testcase><testcase name="cross_tenant"><properties><property name="runId" value="RUN-1789230459877-1892805"/><property name="streamId" value="stream-4deda114-d1b3-4491-8d17-5720eb30fd47"/><property name="method" value="GET"/><property name="url" value="http://localhost:8080/sync/80067df2-adb5-4bc6-a5a2-8770a64c1e7f/envelopes?deviceId=device-1ef96295-9517-4489-9d61-11c1dd27f40b&enrollmentVersion=2"/><property name="status" value="404"/><property name="code" value="workspace_not_found"/><property name="correlationId" value="transport-cross_tenant"/></properties></testcase><testcase name="revoked_device"><properties><property name="runId" value="RUN-1789230459877-1892805"/><property name="streamId" value="stream-4deda114-d1b3-4491-8d17-5720eb30fd47"/><property name="method" value="GET"/><property name="url" value="http://localhost:8080/sync/13b73af9-1f4e-431b-8931-5e10d953ecbd/envelopes?deviceId=device-b6f39010-82e6-4a9f-9247-0111745073ee&enrollmentVersion=1"/><property name="status" value="409"/><property name="code" value="device_lifecycle_rejected"/><property name="correlationId" value="transport-revoked_device"/></properties></testcase><testcase name="unenrolled_device"><properties><property name="runId" value="RUN-1789230459877-1892805"/><property name="streamId" value="stream-4deda114-d1b3-4491-8d17-5720eb30fd47"/><property name="method" value="GET"/><property name="url" value="http://localhost:8080/sync/13b73af9-1f4e-431b-8931-5e10d953ecbd/envelopes?deviceId=device-424fca02-8d9b-4aba-b1e6-6e7d8da69da7&enrollmentVersion=1"/><property name="status" value="409"/><property name="code" value="device_lifecycle_rejected"/><property name="correlationId" value="transport-unenrolled_device"/></properties></testcase><testcase name="malformed"><properties><property name="runId" value="RUN-1789230459877-1892805"/><property name="streamId" value="stream-4deda114-d1b3-4491-8d17-5720eb30fd47"/><property name="method" value="POST"/><property name="url" value="http://localhost:8080/sync/13b73af9-1f4e-431b-8931-5e10d953ecbd/envelopes"/><property name="status" value="400"/><property name="code" value="invalid_request"/><property name="correlationId" value="transport-malformed"/></properties></testcase><testcase name="oversized"><properties><property name="runId" value="RUN-1789230459877-1892805"/><property name="streamId" value="stream-4deda114-d1b3-4491-8d17-5720eb30fd47"/><property name="method" value="POST"/><property name="url" value="http://localhost:8080/sync/13b73af9-1f4e-431b-8931-5e10d953ecbd/envelopes"/><property name="status" value="400"/><property name="code" value="invalid_request"/><property name="correlationId" value="transport-oversized"/></properties></testcase><testcase name="unsupported_version"><properties><property name="runId" value="RUN-1789230459877-1892805"/><property name="streamId" value="stream-4deda114-d1b3-4491-8d17-5720eb30fd47"/><property name="method" value="POST"/><property name="url" value="http://localhost:8080/sync/13b73af9-1f4e-431b-8931-5e10d953ecbd/envelopes"/><property name="status" value="400"/><property name="code" value="invalid_request"/><property name="correlationId" value="transport-unsupported_version"/></properties></testcase><testcase name="stale_base_409"><properties><property name="runId" value="RUN-1789230459877-1892805"/><property name="streamId" value="stream-4deda114-d1b3-4491-8d17-5720eb30fd47"/><property name="method" value="POST"/><property name="url" value="http://localhost:8080/sync/13b73af9-1f4e-431b-8931-5e10d953ecbd/envelopes"/><property name="status" value="409"/><property name="code" value="opaque_envelope_rejected"/><property name="correlationId" value="transport-stale_base_409"/></properties></testcase><testcase name="rollback"><properties><property name="runId" value="RUN-1789230459877-1892805"/><property name="streamId" value="stream-4deda114-d1b3-4491-8d17-5720eb30fd47"/><property name="method" value="POST"/><property name="url" value="http://localhost:8080/sync/13b73af9-1f4e-431b-8931-5e10d953ecbd/envelopes"/><property name="status" value="409"/><property name="code" value="opaque_envelope_rejected"/><property name="correlationId" value="transport-rollback"/></properties></testcase><testcase name="replay"><properties><property name="runId" value="RUN-1789230459877-1892805"/><property name="streamId" value="stream-4deda114-d1b3-4491-8d17-5720eb30fd47"/><property name="method" value="POST"/><property name="url" value="http://localhost:8080/sync/13b73af9-1f4e-431b-8931-5e10d953ecbd/envelopes"/><property name="status" value="409"/><property name="code" value="opaque_envelope_rejected"/><property name="correlationId" value="transport-replay"/></properties></testcase><testcase name="valid_checkpoint"><properties><property name="runId" value="RUN-1789230459877-1892805"/><property name="streamId" value="stream-4deda114-d1b3-4491-8d17-5720eb30fd47"/><property name="method" value="POST"/><property name="url" value="http://localhost:8080/sync/13b73af9-1f4e-431b-8931-5e10d953ecbd/checkpoints"/><property name="status" value="201"/><property name="code" value=""/><property name="correlationId" value="transport-valid_checkpoint"/></properties></testcase><testcase name="checkpoint_hash_mismatch"><properties><property name="runId" value="RUN-1789230459877-1892805"/><property name="streamId" value="stream-4deda114-d1b3-4491-8d17-5720eb30fd47"/><property name="method" value="POST"/><property name="url" value="http://localhost:8080/sync/13b73af9-1f4e-431b-8931-5e10d953ecbd/checkpoints"/><property name="status" value="409"/><property name="code" value="checkpoint_rejected"/><property name="correlationId" value="transport-checkpoint_hash_mismatch"/></properties></testcase><testcase name="valid_recovery"><properties><property name="runId" value="RUN-1789230459877-1892805"/><property name="streamId" value="stream-4deda114-d1b3-4491-8d17-5720eb30fd47"/><property name="method" value="GET"/><property name="url" value="http://localhost:8080/sync/13b73af9-1f4e-431b-8931-5e10d953ecbd/recovery?checkpointId=checkpoint-1&deviceId=device-1ef96295-9517-4489-9d61-11c1dd27f40b&enrollmentVersion=2&afterCursor=0&limit=10"/><property name="status" value="200"/><property name="code" value=""/><property name="correlationId" value="transport-valid_recovery"/></properties></testcase><testcase name="missing_checkpoint"><properties><property name="runId" value="RUN-1789230459877-1892805"/><property name="streamId" value="stream-4deda114-d1b3-4491-8d17-5720eb30fd47"/><property name="method" value="GET"/><property name="url" value="http://localhost:8080/sync/13b73af9-1f4e-431b-8931-5e10d953ecbd/recovery?checkpointId=missing&deviceId=device-1ef96295-9517-4489-9d61-11c1dd27f40b&enrollmentVersion=2"/><property name="status" value="409"/><property name="code" value="recovery_chain_unavailable"/><property name="correlationId" value="transport-missing_checkpoint"/></properties></testcase><testcase name="pruned_cursor"><properties><property name="runId" value="RUN-1789230459877-1892805"/><property name="streamId" value="stream-4deda114-d1b3-4491-8d17-5720eb30fd47"/><property name="method" value="GET"/><property name="url" value="http://localhost:8080/sync/13b73af9-1f4e-431b-8931-5e10d953ecbd/envelopes?afterCursor=0&deviceId=device-1ef96295-9517-4489-9d61-11c1dd27f40b&enrollmentVersion=2"/><property name="status" value="409"/><property name="code" value="cursor_recovery_required"/><property name="correlationId" value="transport-pruned_cursor"/></properties></testcase><testcase name="tombstone"><properties><property name="runId" value="RUN-1789230459877-1892805"/><property name="streamId" value="stream-4deda114-d1b3-4491-8d17-5720eb30fd47"/><property name="method" value="POST"/><property name="url" value="http://localhost:8080/sync/13b73af9-1f4e-431b-8931-5e10d953ecbd/envelopes"/><property name="status" value="201"/><property name="code" value=""/><property name="correlationId" value="transport-tombstone"/></properties></testcase><testcase name="tombstone_resurrection"><properties><property name="runId" value="RUN-1789230459877-1892805"/><property name="streamId" value="stream-4deda114-d1b3-4491-8d17-5720eb30fd47"/><property name="method" value="POST"/><property name="url" value="http://localhost:8080/sync/13b73af9-1f4e-431b-8931-5e10d953ecbd/envelopes"/><property name="status" value="409"/><property name="code" value="opaque_envelope_rejected"/><property name="correlationId" value="transport-tombstone_resurrection"/></properties></testcase><testcase name="retention_boundary"><properties><property name="runId" value="RUN-1789230459877-1892805"/><property name="streamId" value="stream-4deda114-d1b3-4491-8d17-5720eb30fd47"/><property name="method" value="GET"/><property name="url" value="http://localhost:8080/sync/13b73af9-1f4e-431b-8931-5e10d953ecbd/envelopes?afterCursor=1&deviceId=device-1ef96295-9517-4489-9d61-11c1dd27f40b&enrollmentVersion=2"/><property name="status" value="200"/><property name="code" value=""/><property name="correlationId" value="transport-retention_boundary"/></properties></testcase><testcase name="device_lifecycle"><properties><property name="runId" value="RUN-1789230459877-1892805"/><property name="streamId" value="stream-4deda114-d1b3-4491-8d17-5720eb30fd47"/><property name="method" value="GET"/><property name="url" value="http://localhost:8080/sync/13b73af9-1f4e-431b-8931-5e10d953ecbd/devices"/><property name="status" value="200"/><property name="code" value=""/><property name="correlationId" value="transport-device_lifecycle"/></properties></testcase></testsuite>